<?xml version="1.0" encoding="UTF-8"?>
<!-- Generated by org.testng.reporters.JUnitReportReporter -->
<testsuite skipped="0" hostname="LAPTOP-L5P9GTDD" name="practice.AnnotationDemo" tests="1" failures="0" timestamp="2021-05-14T13:02:27 AEST" time="0.013" errors="0">
  <testcase name="verifyPageTitle" time="0.013" classname="practice.AnnotationDemo"/>
  <system-out/>
</testsuite> <!-- practice.AnnotationDemo -->
