<?xml version="1.0" encoding="UTF-8"?>
<!-- Generated by org.testng.reporters.JUnitReportReporter -->
<testsuite skipped="1" hostname="LAPTOP-L5P9GTDD" name="practice.CrossBrowserScript" tests="4" failures="0" timestamp="2021-05-15T12:34:19 AEST" time="52.673" errors="1">
  <testcase name="testngParameters" time="30.711" classname="practice.CrossBrowserScript"/>
  <system-out/>
  <testcase name="testngParameters" time="21.940" classname="practice.CrossBrowserScript"/>
  <system-out/>
  <testcase name="testngParameters" time="0.000" classname="practice.CrossBrowserScript">
    <skipped/>
  </testcase> <!-- testngParameters -->
  <system-out/>
  <testcase name="setBrowser" time="0.022" classname="practice.CrossBrowserScript">
    <error type="java.lang.Exception" message="Incorrect Browser">
      <![CDATA[java.lang.Exception: Incorrect Browser
at practice.CrossBrowserScript.setBrowser(CrossBrowserScript.java:32)
at sun.reflect.NativeMethodAccessorImpl.invoke0(Native Method)
at sun.reflect.NativeMethodAccessorImpl.invoke(Unknown Source)
at sun.reflect.DelegatingMethodAccessorImpl.invoke(Unknown Source)
at java.lang.reflect.Method.invoke(Unknown Source)
at org.testng.internal.MethodInvocationHelper.invokeMethod(MethodInvocationHelper.java:133)
at org.testng.internal.MethodInvocationHelper.invokeMethodConsideringTimeout(MethodInvocationHelper.java:62)
at org.testng.internal.ConfigInvoker.invokeConfigurationMethod(ConfigInvoker.java:385)
at org.testng.internal.ConfigInvoker.invokeConfigurations(ConfigInvoker.java:321)
at org.testng.TestRunner.invokeTestConfigurations(TestRunner.java:637)
at org.testng.TestRunner.beforeRun(TestRunner.java:627)
at org.testng.TestRunner.run(TestRunner.java:589)
at org.testng.SuiteRunner.runTest(SuiteRunner.java:377)
at org.testng.SuiteRunner.access$000(SuiteRunner.java:28)
at org.testng.SuiteRunner$SuiteWorker.run(SuiteRunner.java:418)
at org.testng.internal.thread.ThreadUtil.lambda$execute$0(ThreadUtil.java:64)
at java.util.concurrent.FutureTask.run(Unknown Source)
at java.util.concurrent.ThreadPoolExecutor.runWorker(Unknown Source)
at java.util.concurrent.ThreadPoolExecutor$Worker.run(Unknown Source)
at java.lang.Thread.run(Unknown Source)
]]>
    </error>
  </testcase> <!-- setBrowser -->
  <system-out/>
</testsuite> <!-- practice.CrossBrowserScript -->
