<?xml version="1.0" encoding="UTF-8"?>
<!-- Generated by org.testng.reporters.JUnitReportReporter -->
<testsuite skipped="0" hostname="LAPTOP-L5P9GTDD" name="practice.DataProviderDemo" tests="2" failures="0" timestamp="2021-05-20T19:58:38 AEST" time="41.522" errors="0">
  <testcase name="testLogin" time="21.917" classname="practice.DataProviderDemo"/>
  <system-out/>
  <testcase name="testLogin" time="19.605" classname="practice.DataProviderDemo"/>
  <system-out/>
</testsuite> <!-- practice.DataProviderDemo -->
