<?xml version="1.0" encoding="UTF-8"?>
<!-- Generated by org.testng.reporters.JUnitReportReporter -->
<testsuite skipped="0" hostname="LAPTOP-L5P9GTDD" name="practice.TestngAnnotations" tests="2" failures="0" timestamp="2021-06-17T21:28:23 AEST" time="0.012" errors="0">
  <testcase name="testcase2" time="0.006" classname="practice.TestngAnnotations"/>
  <system-out/>
  <testcase name="testcase1" time="0.006" classname="practice.TestngAnnotations"/>
  <system-out/>
</testsuite> <!-- practice.TestngAnnotations -->
