<?xml version="1.0" encoding="UTF-8"?>
<!-- Generated by org.testng.reporters.JUnitReportReporter -->
<testsuite skipped="0" hostname="LAPTOP-L5P9GTDD" name="practice.DataDrivenTestDemo" tests="1" failures="0" timestamp="2021-05-22T12:31:25 AEST" time="31.388" errors="0">
  <testcase name="loginTest" time="31.388" classname="practice.DataDrivenTestDemo"/>
  <system-out/>
</testsuite> <!-- practice.DataDrivenTestDemo -->
